<?xml version="1.0" encoding="UTF-8"?>
<!-- Generated by org.testng.reporters.JUnitReportReporter -->
<testsuite skipped="0" hostname="Neha-TN80771" name="Tests.RegisterTest" tests="1" failures="0" timestamp="17 Jul 2019 10:40:14 GMT" time="16.166" errors="0">
  <testcase name="registration" time="16.166" classname="Tests.RegisterTest"/>
</testsuite> <!-- Tests.RegisterTest -->
